2015-06-12 :23:39:48 ------------INICIO #20150612233948----------------------------------------------------
2015-06-12 :23:39:48 El valor del "PAYMENT_ID" no es EXISTE
2015-06-12 :23:39:48 ------------FIN---------------------------------------------------
2015-06-12 :23:40:37 ------------INICIO #20150612234037----------------------------------------------------
2015-06-12 :23:40:37 El valor del "PAYMENT_ID" no es EXISTE
2015-06-12 :23:40:37 ------------FIN---------------------------------------------------
2015-06-12 :23:40:38 ------------INICIO #20150612234038----------------------------------------------------
2015-06-12 :23:40:38 El valor del "PAYMENT_ID" no es EXISTE
2015-06-12 :23:40:38 ------------FIN---------------------------------------------------
2015-06-12 :23:40:38 ------------INICIO #20150612234038----------------------------------------------------
2015-06-12 :23:40:38 El valor del "PAYMENT_ID" no es EXISTE
2015-06-12 :23:40:38 ------------FIN---------------------------------------------------
2015-06-12 :23:44:21 ------------INICIO #20150612234421----------------------------------------------------
2015-06-12 :23:44:21 El valor del "PAYMENT_ID" no es EXISTE en el POST que nos enviaron
2015-06-12 :23:44:21 ------------FIN---------------------------------------------------
2015-06-12 :23:46:40 ------------INICIO #150612234640----------------------------------------------------
2015-06-12 :23:46:40 El valor del "PAYMENT_ID" no es EXISTE en el POST que nos enviaron
2015-06-12 :23:46:40 ------------FIN---------------------------------------------------
2015-06-12 :23:47:18 ------------INICIO #150612-234718----------------------------------------------------
2015-06-12 :23:47:18 El valor del "PAYMENT_ID" no es EXISTE en el POST que nos enviaron
2015-06-12 :23:47:18 ------------FIN---------------------------------------------------
2015-06-12 :23:47:32 ------------INICIO #1506-12234732----------------------------------------------------
2015-06-12 :23:47:32 El valor del "PAYMENT_ID" no es EXISTE en el POST que nos enviaron
2015-06-12 :23:47:32 ------------FIN---------------------------------------------------
